# JRE version: OpenJDK Runtime Environment Microsoft-7208460 (11.0.18+10) (build 11.0.18+10-LTS)
# Java VM: OpenJDK 64-Bit Server VM Microsoft-7208460 (11.0.18+10-LTS, mixed mode, tiered, compressed oops, g1 gc, windows-amd64)
Heap:
 garbage-first heap   total 253952K, used 199660K [0x0000000080000000, 0x0000000100000000)
  region size 1024K, 99 young (101376K), 3 survivors (3072K)
 Metaspace       used 104721K, capacity 107959K, committed 108088K, reserved 610304K
  class space    used 13373K, capacity 14604K, committed 14720K, reserved 516096K
GC Heap History (20 events):
Event: 8.235 GC heap before
{Heap before GC invocations=8 (full 0):
 garbage-first heap   total 253952K, used 72602K [0x0000000080000000, 0x0000000100000000)
  region size 1024K, 47 young (48128K), 14 survivors (14336K)
 Metaspace       used 58454K, capacity 60173K, committed 60296K, reserved 569344K
  class space    used 7595K, capacity 8286K, committed 8320K, reserved 516096K
}
Event: 8.246 GC heap after
{Heap after GC invocations=9 (full 0):
 garbage-first heap   total 253952K, used 42059K [0x0000000080000000, 0x0000000100000000)
  region size 1024K, 9 young (9216K), 9 survivors (9216K)
 Metaspace       used 58454K, capacity 60173K, committed 60296K, reserved 569344K
  class space    used 7595K, capacity 8286K, committed 8320K, reserved 516096K
}
Event: 9.684 GC heap before
{Heap before GC invocations=10 (full 0):
 garbage-first heap   total 253952K, used 180299K [0x0000000080000000, 0x0000000100000000)
  region size 1024K, 144 young (147456K), 9 survivors (9216K)
 Metaspace       used 67033K, capacity 69132K, committed 69256K, reserved 577536K
  class space    used 8721K, capacity 9535K, committed 9600K, reserved 516096K
}
Event: 9.692 GC heap after
{Heap after GC invocations=11 (full 0):
 garbage-first heap   total 253952K, used 47375K [0x0000000080000000, 0x0000000100000000)
  region size 1024K, 14 young (14336K), 14 survivors (14336K)
 Metaspace       used 67033K, capacity 69132K, committed 69256K, reserved 577536K
  class space    used 8721K, capacity 9535K, committed 9600K, reserved 516096K
}
Event: 11.074 GC heap before
{Heap before GC invocations=11 (full 0):
 garbage-first heap   total 253952K, used 187663K [0x0000000080000000, 0x0000000100000000)
  region size 1024K, 148 young (151552K), 14 survivors (14336K)
 Metaspace       used 76907K, capacity 79223K, committed 79368K, reserved 585728K
  class space    used 9946K, capacity 10920K, committed 11008K, reserved 516096K
}
Event: 11.084 GC heap after
{Heap after GC invocations=12 (full 0):
 garbage-first heap   total 253952K, used 62876K [0x0000000080000000, 0x0000000100000000)
  region size 1024K, 19 young (19456K), 19 survivors (19456K)
 Metaspace       used 76907K, capacity 79223K, committed 79368K, reserved 585728K
  class space    used 9946K, capacity 10920K, committed 11008K, reserved 516096K
}
Event: 12.318 GC heap before
{Heap before GC invocations=12 (full 0):
 garbage-first heap   total 253952K, used 192924K [0x0000000080000000, 0x0000000100000000)
  region size 1024K, 146 young (149504K), 19 survivors (19456K)
 Metaspace       used 84136K, capacity 86619K, committed 86664K, reserved 591872K
  class space    used 10837K, capacity 11863K, committed 11904K, reserved 516096K
}
Event: 12.332 GC heap after
{Heap after GC invocations=13 (full 0):
 garbage-first heap   total 253952K, used 74308K [0x0000000080000000, 0x0000000100000000)
  region size 1024K, 12 young (12288K), 12 survivors (12288K)
 Metaspace       used 84136K, capacity 86619K, committed 86664K, reserved 591872K
  class space    used 10837K, capacity 11863K, committed 11904K, reserved 516096K
}
Event: 15.607 GC heap before
{Heap before GC invocations=13 (full 0):
 garbage-first heap   total 253952K, used 195140K [0x0000000080000000, 0x0000000100000000)
  region size 1024K, 130 young (133120K), 12 survivors (12288K)
 Metaspace       used 92879K, capacity 95624K, committed 95752K, reserved 600064K
  class space    used 12199K, capacity 13277K, committed 13312K, reserved 516096K
}
Event: 15.615 GC heap after
{Heap after GC invocations=14 (full 0):
 garbage-first heap   total 253952K, used 83346K [0x0000000080000000, 0x0000000100000000)
  region size 1024K, 10 young (10240K), 10 survivors (10240K)
 Metaspace       used 92879K, capacity 95624K, committed 95752K, reserved 600064K
  class space    used 12199K, capacity 13277K, committed 13312K, reserved 516096K
}
Event: 16.445 GC heap before
{Heap before GC invocations=14 (full 0):
 garbage-first heap   total 253952K, used 132498K [0x0000000080000000, 0x0000000100000000)
  region size 1024K, 59 young (60416K), 10 survivors (10240K)
 Metaspace       used 98036K, capacity 100795K, committed 100920K, reserved 604160K
  class space    used 12798K, capacity 13910K, committed 13952K, reserved 516096K
}
Event: 16.458 GC heap after
{Heap after GC invocations=15 (full 0):
 garbage-first heap   total 253952K, used 87523K [0x0000000080000000, 0x0000000100000000)
  region size 1024K, 5 young (5120K), 5 survivors (5120K)
 Metaspace       used 98036K, capacity 100795K, committed 100920K, reserved 604160K
  class space    used 12798K, capacity 13910K, committed 13952K, reserved 516096K
}
Event: 17.661 GC heap before
{Heap before GC invocations=16 (full 0):
 garbage-first heap   total 253952K, used 199139K [0x0000000080000000, 0x0000000100000000)
  region size 1024K, 115 young (117760K), 5 survivors (5120K)
 Metaspace       used 99937K, capacity 102833K, committed 102968K, reserved 606208K
  class space    used 12998K, capacity 14178K, committed 14208K, reserved 516096K
}
Event: 17.668 GC heap after
{Heap after GC invocations=17 (full 0):
 garbage-first heap   total 253952K, used 94317K [0x0000000080000000, 0x0000000100000000)
  region size 1024K, 11 young (11264K), 11 survivors (11264K)
 Metaspace       used 99937K, capacity 102833K, committed 102968K, reserved 606208K
  class space    used 12998K, capacity 14178K, committed 14208K, reserved 516096K
}
Event: 18.467 GC heap before
{Heap before GC invocations=17 (full 0):
 garbage-first heap   total 253952K, used 201837K [0x0000000080000000, 0x0000000100000000)
  region size 1024K, 117 young (119808K), 11 survivors (11264K)
 Metaspace       used 100429K, capacity 103347K, committed 103480K, reserved 606208K
  class space    used 13037K, capacity 14199K, committed 14208K, reserved 516096K
}
Event: 18.476 GC heap after
{Heap after GC invocations=18 (full 0):
 garbage-first heap   total 253952K, used 100769K [0x0000000080000000, 0x0000000100000000)
  region size 1024K, 14 young (14336K), 14 survivors (14336K)
 Metaspace       used 100429K, capacity 103347K, committed 103480K, reserved 606208K
  class space    used 13037K, capacity 14199K, committed 14208K, reserved 516096K
}
Event: 3723.220 GC heap before
{Heap before GC invocations=18 (full 0):
 garbage-first heap   total 253952K, used 205217K [0x0000000080000000, 0x0000000100000000)
  region size 1024K, 117 young (119808K), 14 survivors (14336K)
 Metaspace       used 103347K, capacity 106308K, committed 106680K, reserved 610304K
  class space    used 13299K, capacity 14469K, committed 14592K, reserved 516096K
}
Event: 3723.253 GC heap after
{Heap after GC invocations=19 (full 0):
 garbage-first heap   total 253952K, used 103457K [0x0000000080000000, 0x0000000100000000)
  region size 1024K, 10 young (10240K), 10 survivors (10240K)
 Metaspace       used 103347K, capacity 106308K, committed 106680K, reserved 610304K
  class space    used 13299K, capacity 14469K, committed 14592K, reserved 516096K
}
Event: 9291.598 GC heap before
{Heap before GC invocations=19 (full 0):
 garbage-first heap   total 253952K, used 207905K [0x0000000080000000, 0x0000000100000000)
  region size 1024K, 112 young (114688K), 10 survivors (10240K)
 Metaspace       used 103428K, capacity 106474K, committed 106680K, reserved 610304K
  class space    used 13303K, capacity 14477K, committed 14592K, reserved 516096K
}
Event: 9291.613 GC heap after
{Heap after GC invocations=20 (full 0):
 garbage-first heap   total 253952K, used 103404K [0x0000000080000000, 0x0000000100000000)
  region size 1024K, 3 young (3072K), 3 survivors (3072K)
 Metaspace       used 103428K, capacity 106474K, committed 106680K, reserved 610304K
  class space    used 13303K, capacity 14477K, committed 14592K, reserved 516096K
}

